Release 14.7 - xst P.20131013 (nt64)
Copyright (c) 1995-2013 Xilinx, Inc.  All rights reserved.
--> Parameter TMPDIR set to xst/projnav.tmp


Total REAL time to Xst completion: 0.00 secs
Total CPU time to Xst completion: 0.20 secs
 
--> Parameter xsthdpdir set to xst


Total REAL time to Xst completion: 0.00 secs
Total CPU time to Xst completion: 0.20 secs
 
--> Reading design: arm.prj

TABLE OF CONTENTS
  1) Synthesis Options Summary
  2) HDL Compilation
  3) Design Hierarchy Analysis
  4) HDL Analysis
  5) HDL Synthesis
     5.1) HDL Synthesis Report
  6) Advanced HDL Synthesis
     6.1) Advanced HDL Synthesis Report
  7) Low Level Synthesis
  8) Partition Report
  9) Final Report
	9.1) Device utilization summary
	9.2) Partition Resource Summary
	9.3) TIMING REPORT


=========================================================================
*                      Synthesis Options Summary                        *
=========================================================================
---- Source Parameters
Input File Name                    : "arm.prj"
Input Format                       : mixed
Ignore Synthesis Constraint File   : NO

---- Target Parameters
Output File Name                   : "arm"
Output Format                      : NGC
Target Device                      : xc3sd1800a-4-fg676

---- Source Options
Top Module Name                    : arm
Automatic FSM Extraction           : YES
FSM Encoding Algorithm             : Auto
Safe Implementation                : No
FSM Style                          : LUT
RAM Extraction                     : Yes
RAM Style                          : Auto
ROM Extraction                     : Yes
Mux Style                          : Auto
Decoder Extraction                 : YES
Priority Encoder Extraction        : Yes
Shift Register Extraction          : YES
Logical Shifter Extraction         : YES
XOR Collapsing                     : YES
ROM Style                          : Auto
Mux Extraction                     : Yes
Resource Sharing                   : YES
Asynchronous To Synchronous        : NO
Use DSP Block                      : Auto
Automatic Register Balancing       : No

---- Target Options
Add IO Buffers                     : YES
Global Maximum Fanout              : 100000
Add Generic Clock Buffer(BUFG)     : 24
Register Duplication               : YES
Slice Packing                      : YES
Optimize Instantiated Primitives   : NO
Use Clock Enable                   : Yes
Use Synchronous Set                : Yes
Use Synchronous Reset              : Yes
Pack IO Registers into IOBs        : Auto
Equivalent register Removal        : YES

---- General Options
Optimization Goal                  : Speed
Optimization Effort                : 1
Keep Hierarchy                     : No
Netlist Hierarchy                  : As_Optimized
RTL Output                         : Yes
Global Optimization                : AllClockNets
Read Cores                         : YES
Write Timing Constraints           : NO
Cross Clock Analysis               : NO
Hierarchy Separator                : /
Bus Delimiter                      : <>
Case Specifier                     : Maintain
Slice Utilization Ratio            : 100
BRAM Utilization Ratio             : 100
DSP48 Utilization Ratio            : 100
Verilog 2001                       : YES
Auto BRAM Packing                  : NO
Slice Utilization Ratio Delta      : 5

=========================================================================


=========================================================================
*                          HDL Compilation                              *
=========================================================================
Compiling vhdl file "C:/Users/Lenovo/Desktop/UNIVERSIDAD/proyecto1/proyecto1.vhd" in Library work.
Entity <arm> compiled.
WARNING:HDLParsers:3555 - "C:/Users/Lenovo/Desktop/UNIVERSIDAD/proyecto1/proyecto1.vhd" Line 53. Warning for LRM section 1.1.1.2 violation about connectivity rules. Parameter PC of mode out should not be associated with a formal port of mode buffer.
WARNING:HDLParsers:3555 - "C:/Users/Lenovo/Desktop/UNIVERSIDAD/proyecto1/proyecto1.vhd" Line 53. Warning for LRM section 1.1.1.2 violation about connectivity rules. Parameter ALUResult of mode out should not be associated with a formal port of mode buffer.
WARNING:HDLParsers:3555 - "C:/Users/Lenovo/Desktop/UNIVERSIDAD/proyecto1/proyecto1.vhd" Line 53. Warning for LRM section 1.1.1.2 violation about connectivity rules. Parameter WriteData of mode out should not be associated with a formal port of mode buffer.
Entity <arm> (Architecture <struct>) compiled.

=========================================================================
*                     Design Hierarchy Analysis                         *
=========================================================================
Analyzing hierarchy for entity <arm> in library <work> (architecture <struct>).


=========================================================================
*                            HDL Analysis                               *
=========================================================================
Analyzing Entity <arm> in library <work> (Architecture <struct>).
WARNING:Xst:2211 - "C:/Users/Lenovo/Desktop/UNIVERSIDAD/proyecto1/proyecto1.vhd" line 47: Instantiating black box module <controller>.
INFO:Xst:1739 - HDL ADVISOR - "C:/Users/Lenovo/Desktop/UNIVERSIDAD/proyecto1/proyecto1.vhd" line 37: declaration of a buffer port will make it difficult for you to validate this design by simulation. It is preferable to declare it as output.
INFO:Xst:1739 - HDL ADVISOR - "C:/Users/Lenovo/Desktop/UNIVERSIDAD/proyecto1/proyecto1.vhd" line 39: declaration of a buffer port will make it difficult for you to validate this design by simulation. It is preferable to declare it as output.
INFO:Xst:1739 - HDL ADVISOR - "C:/Users/Lenovo/Desktop/UNIVERSIDAD/proyecto1/proyecto1.vhd" line 39: declaration of a buffer port will make it difficult for you to validate this design by simulation. It is preferable to declare it as output.
WARNING:Xst:2211 - "C:/Users/Lenovo/Desktop/UNIVERSIDAD/proyecto1/proyecto1.vhd" line 51: Instantiating black box module <datapath>.
Entity <arm> analyzed. Unit <arm> generated.


=========================================================================
*                           HDL Synthesis                               *
=========================================================================

Performing bidirectional port resolution...

Synthesizing Unit <arm>.
    Related source file is "C:/Users/Lenovo/Desktop/UNIVERSIDAD/proyecto1/proyecto1.vhd".
Unit <arm> synthesized.


=========================================================================
HDL Synthesis Report

Found no macro
=========================================================================

=========================================================================
*                       Advanced HDL Synthesis                          *
=========================================================================


=========================================================================
Advanced HDL Synthesis Report

Found no macro
=========================================================================

=========================================================================
*                         Low Level Synthesis                           *
=========================================================================

Optimizing unit <arm> ...

Mapping all equations...
WARNING:Xst:2036 - Inserting OBUF on port <MemWrite> driven by black box <controller>. Possible simulation mismatch.
WARNING:Xst:2036 - Inserting OBUF on port <WriteData<31>> driven by black box <datapath>. Possible simulation mismatch.
WARNING:Xst:2036 - Inserting OBUF on port <WriteData<30>> driven by black box <datapath>. Possible simulation mismatch.
WARNING:Xst:2036 - Inserting OBUF on port <WriteData<29>> driven by black box <datapath>. Possible simulation mismatch.
WARNING:Xst:2036 - Inserting OBUF on port <WriteData<28>> driven by black box <datapath>. Possible simulation mismatch.
WARNING:Xst:2036 - Inserting OBUF on port <WriteData<27>> driven by black box <datapath>. Possible simulation mismatch.
WARNING:Xst:2036 - Inserting OBUF on port <WriteData<26>> driven by black box <datapath>. Possible simulation mismatch.
WARNING:Xst:2036 - Inserting OBUF on port <WriteData<25>> driven by black box <datapath>. Possible simulation mismatch.
WARNING:Xst:2036 - Inserting OBUF on port <WriteData<24>> driven by black box <datapath>. Possible simulation mismatch.
WARNING:Xst:2036 - Inserting OBUF on port <WriteData<23>> driven by black box <datapath>. Possible simulation mismatch.
WARNING:Xst:2036 - Inserting OBUF on port <WriteData<22>> driven by black box <datapath>. Possible simulation mismatch.
WARNING:Xst:2036 - Inserting OBUF on port <WriteData<21>> driven by black box <datapath>. Possible simulation mismatch.
WARNING:Xst:2036 - Inserting OBUF on port <WriteData<20>> driven by black box <datapath>. Possible simulation mismatch.
WARNING:Xst:2036 - Inserting OBUF on port <WriteData<19>> driven by black box <datapath>. Possible simulation mismatch.
WARNING:Xst:2036 - Inserting OBUF on port <WriteData<18>> driven by black box <datapath>. Possible simulation mismatch.
WARNING:Xst:2036 - Inserting OBUF on port <WriteData<17>> driven by black box <datapath>. Possible simulation mismatch.
WARNING:Xst:2036 - Inserting OBUF on port <WriteData<16>> driven by black box <datapath>. Possible simulation mismatch.
WARNING:Xst:2036 - Inserting OBUF on port <WriteData<15>> driven by black box <datapath>. Possible simulation mismatch.
WARNING:Xst:2036 - Inserting OBUF on port <WriteData<14>> driven by black box <datapath>. Possible simulation mismatch.
WARNING:Xst:2036 - Inserting OBUF on port <WriteData<13>> driven by black box <datapath>. Possible simulation mismatch.
WARNING:Xst:2036 - Inserting OBUF on port <WriteData<12>> driven by black box <datapath>. Possible simulation mismatch.
WARNING:Xst:2036 - Inserting OBUF on port <WriteData<11>> driven by black box <datapath>. Possible simulation mismatch.
WARNING:Xst:2036 - Inserting OBUF on port <WriteData<10>> driven by black box <datapath>. Possible simulation mismatch.
WARNING:Xst:2036 - Inserting OBUF on port <WriteData<9>> driven by black box <datapath>. Possible simulation mismatch.
WARNING:Xst:2036 - Inserting OBUF on port <WriteData<8>> driven by black box <datapath>. Possible simulation mismatch.
WARNING:Xst:2036 - Inserting OBUF on port <WriteData<7>> driven by black box <datapath>. Possible simulation mismatch.
WARNING:Xst:2036 - Inserting OBUF on port <WriteData<6>> driven by black box <datapath>. Possible simulation mismatch.
WARNING:Xst:2036 - Inserting OBUF on port <WriteData<5>> driven by black box <datapath>. Possible simulation mismatch.
WARNING:Xst:2036 - Inserting OBUF on port <WriteData<4>> driven by black box <datapath>. Possible simulation mismatch.
WARNING:Xst:2036 - Inserting OBUF on port <WriteData<3>> driven by black box <datapath>. Possible simulation mismatch.
WARNING:Xst:2036 - Inserting OBUF on port <WriteData<2>> driven by black box <datapath>. Possible simulation mismatch.
WARNING:Xst:2036 - Inserting OBUF on port <WriteData<1>> driven by black box <datapath>. Possible simulation mismatch.
WARNING:Xst:2036 - Inserting OBUF on port <WriteData<0>> driven by black box <datapath>. Possible simulation mismatch.
WARNING:Xst:2036 - Inserting OBUF on port <PC<31>> driven by black box <datapath>. Possible simulation mismatch.
WARNING:Xst:2036 - Inserting OBUF on port <PC<30>> driven by black box <datapath>. Possible simulation mismatch.
WARNING:Xst:2036 - Inserting OBUF on port <PC<29>> driven by black box <datapath>. Possible simulation mismatch.
WARNING:Xst:2036 - Inserting OBUF on port <PC<28>> driven by black box <datapath>. Possible simulation mismatch.
WARNING:Xst:2036 - Inserting OBUF on port <PC<27>> driven by black box <datapath>. Possible simulation mismatch.
WARNING:Xst:2036 - Inserting OBUF on port <PC<26>> driven by black box <datapath>. Possible simulation mismatch.
WARNING:Xst:2036 - Inserting OBUF on port <PC<25>> driven by black box <datapath>. Possible simulation mismatch.
WARNING:Xst:2036 - Inserting OBUF on port <PC<24>> driven by black box <datapath>. Possible simulation mismatch.
WARNING:Xst:2036 - Inserting OBUF on port <PC<23>> driven by black box <datapath>. Possible simulation mismatch.
WARNING:Xst:2036 - Inserting OBUF on port <PC<22>> driven by black box <datapath>. Possible simulation mismatch.
WARNING:Xst:2036 - Inserting OBUF on port <PC<21>> driven by black box <datapath>. Possible simulation mismatch.
WARNING:Xst:2036 - Inserting OBUF on port <PC<20>> driven by black box <datapath>. Possible simulation mismatch.
WARNING:Xst:2036 - Inserting OBUF on port <PC<19>> driven by black box <datapath>. Possible simulation mismatch.
WARNING:Xst:2036 - Inserting OBUF on port <PC<18>> driven by black box <datapath>. Possible simulation mismatch.
WARNING:Xst:2036 - Inserting OBUF on port <PC<17>> driven by black box <datapath>. Possible simulation mismatch.
WARNING:Xst:2036 - Inserting OBUF on port <PC<16>> driven by black box <datapath>. Possible simulation mismatch.
WARNING:Xst:2036 - Inserting OBUF on port <PC<15>> driven by black box <datapath>. Possible simulation mismatch.
WARNING:Xst:2036 - Inserting OBUF on port <PC<14>> driven by black box <datapath>. Possible simulation mismatch.
WARNING:Xst:2036 - Inserting OBUF on port <PC<13>> driven by black box <datapath>. Possible simulation mismatch.
WARNING:Xst:2036 - Inserting OBUF on port <PC<12>> driven by black box <datapath>. Possible simulation mismatch.
WARNING:Xst:2036 - Inserting OBUF on port <PC<11>> driven by black box <datapath>. Possible simulation mismatch.
WARNING:Xst:2036 - Inserting OBUF on port <PC<10>> driven by black box <datapath>. Possible simulation mismatch.
WARNING:Xst:2036 - Inserting OBUF on port <PC<9>> driven by black box <datapath>. Possible simulation mismatch.
WARNING:Xst:2036 - Inserting OBUF on port <PC<8>> driven by black box <datapath>. Possible simulation mismatch.
WARNING:Xst:2036 - Inserting OBUF on port <PC<7>> driven by black box <datapath>. Possible simulation mismatch.
WARNING:Xst:2036 - Inserting OBUF on port <PC<6>> driven by black box <datapath>. Possible simulation mismatch.
WARNING:Xst:2036 - Inserting OBUF on port <PC<5>> driven by black box <datapath>. Possible simulation mismatch.
WARNING:Xst:2036 - Inserting OBUF on port <PC<4>> driven by black box <datapath>. Possible simulation mismatch.
WARNING:Xst:2036 - Inserting OBUF on port <PC<3>> driven by black box <datapath>. Possible simulation mismatch.
WARNING:Xst:2036 - Inserting OBUF on port <PC<2>> driven by black box <datapath>. Possible simulation mismatch.
WARNING:Xst:2036 - Inserting OBUF on port <PC<1>> driven by black box <datapath>. Possible simulation mismatch.
WARNING:Xst:2036 - Inserting OBUF on port <PC<0>> driven by black box <datapath>. Possible simulation mismatch.
WARNING:Xst:2036 - Inserting OBUF on port <ALUResult<31>> driven by black box <datapath>. Possible simulation mismatch.
WARNING:Xst:2036 - Inserting OBUF on port <ALUResult<30>> driven by black box <datapath>. Possible simulation mismatch.
WARNING:Xst:2036 - Inserting OBUF on port <ALUResult<29>> driven by black box <datapath>. Possible simulation mismatch.
WARNING:Xst:2036 - Inserting OBUF on port <ALUResult<28>> driven by black box <datapath>. Possible simulation mismatch.
WARNING:Xst:2036 - Inserting OBUF on port <ALUResult<27>> driven by black box <datapath>. Possible simulation mismatch.
WARNING:Xst:2036 - Inserting OBUF on port <ALUResult<26>> driven by black box <datapath>. Possible simulation mismatch.
WARNING:Xst:2036 - Inserting OBUF on port <ALUResult<25>> driven by black box <datapath>. Possible simulation mismatch.
WARNING:Xst:2036 - Inserting OBUF on port <ALUResult<24>> driven by black box <datapath>. Possible simulation mismatch.
WARNING:Xst:2036 - Inserting OBUF on port <ALUResult<23>> driven by black box <datapath>. Possible simulation mismatch.
WARNING:Xst:2036 - Inserting OBUF on port <ALUResult<22>> driven by black box <datapath>. Possible simulation mismatch.
WARNING:Xst:2036 - Inserting OBUF on port <ALUResult<21>> driven by black box <datapath>. Possible simulation mismatch.
WARNING:Xst:2036 - Inserting OBUF on port <ALUResult<20>> driven by black box <datapath>. Possible simulation mismatch.
WARNING:Xst:2036 - Inserting OBUF on port <ALUResult<19>> driven by black box <datapath>. Possible simulation mismatch.
WARNING:Xst:2036 - Inserting OBUF on port <ALUResult<18>> driven by black box <datapath>. Possible simulation mismatch.
WARNING:Xst:2036 - Inserting OBUF on port <ALUResult<17>> driven by black box <datapath>. Possible simulation mismatch.
WARNING:Xst:2036 - Inserting OBUF on port <ALUResult<16>> driven by black box <datapath>. Possible simulation mismatch.
WARNING:Xst:2036 - Inserting OBUF on port <ALUResult<15>> driven by black box <datapath>. Possible simulation mismatch.
WARNING:Xst:2036 - Inserting OBUF on port <ALUResult<14>> driven by black box <datapath>. Possible simulation mismatch.
WARNING:Xst:2036 - Inserting OBUF on port <ALUResult<13>> driven by black box <datapath>. Possible simulation mismatch.
WARNING:Xst:2036 - Inserting OBUF on port <ALUResult<12>> driven by black box <datapath>. Possible simulation mismatch.
WARNING:Xst:2036 - Inserting OBUF on port <ALUResult<11>> driven by black box <datapath>. Possible simulation mismatch.
WARNING:Xst:2036 - Inserting OBUF on port <ALUResult<10>> driven by black box <datapath>. Possible simulation mismatch.
WARNING:Xst:2036 - Inserting OBUF on port <ALUResult<9>> driven by black box <datapath>. Possible simulation mismatch.
WARNING:Xst:2036 - Inserting OBUF on port <ALUResult<8>> driven by black box <datapath>. Possible simulation mismatch.
WARNING:Xst:2036 - Inserting OBUF on port <ALUResult<7>> driven by black box <datapath>. Possible simulation mismatch.
WARNING:Xst:2036 - Inserting OBUF on port <ALUResult<6>> driven by black box <datapath>. Possible simulation mismatch.
WARNING:Xst:2036 - Inserting OBUF on port <ALUResult<5>> driven by black box <datapath>. Possible simulation mismatch.
WARNING:Xst:2036 - Inserting OBUF on port <ALUResult<4>> driven by black box <datapath>. Possible simulation mismatch.
WARNING:Xst:2036 - Inserting OBUF on port <ALUResult<3>> driven by black box <datapath>. Possible simulation mismatch.
WARNING:Xst:2036 - Inserting OBUF on port <ALUResult<2>> driven by black box <datapath>. Possible simulation mismatch.
WARNING:Xst:2036 - Inserting OBUF on port <ALUResult<1>> driven by black box <datapath>. Possible simulation mismatch.
WARNING:Xst:2036 - Inserting OBUF on port <ALUResult<0>> driven by black box <datapath>. Possible simulation mismatch.
Building and optimizing final netlist ...
Found area constraint ratio of 100 (+ 5) on block arm, actual ratio is 0.

Final Macro Processing ...

=========================================================================
Final Register Report

Found no macro
=========================================================================

=========================================================================
*                           Partition Report                            *
=========================================================================

Partition Implementation Status
-------------------------------

  No Partitions were found in this design.

-------------------------------

=========================================================================
*                            Final Report                               *
=========================================================================
Final Results
RTL Top Level Output File Name     : arm.ngr
Top Level Output File Name         : arm
Output Format                      : NGC
Optimization Goal                  : Speed
Keep Hierarchy                     : No

Design Statistics
# IOs                              : 163

Cell Usage :
# IO Buffers                       : 163
#      IBUF                        : 66
#      OBUF                        : 97
# Others                           : 2
#      controller                  : 1
#      datapath                    : 1
=========================================================================

Device utilization summary:
---------------------------

Selected Device : 3sd1800afg676-4 

 Number of Slices:                        0  out of  16640     0%  
 Number of IOs:                         163
 Number of bonded IOBs:                 163  out of    519    31%  

---------------------------
Partition Resource Summary:
---------------------------

  No Partitions were found in this design.

---------------------------


=========================================================================
TIMING REPORT

NOTE: THESE TIMING NUMBERS ARE ONLY A SYNTHESIS ESTIMATE.
      FOR ACCURATE TIMING INFORMATION PLEASE REFER TO THE TRACE REPORT
      GENERATED AFTER PLACE-and-ROUTE.

Clock Information:
------------------
No clock signals found in this design

Asynchronous Control Signals Information:
----------------------------------------
No asynchronous control signals found in this design

Timing Summary:
---------------
Speed Grade: -4

   Minimum period: No path found
   Minimum input arrival time before clock: No path found
   Maximum output required time after clock: No path found
   Maximum combinational path delay: 4.940ns

Timing Detail:
--------------
All values displayed in nanoseconds (ns)

=========================================================================
Timing constraint: Default path analysis
  Total number of paths / destination ports: 199 / 199
-------------------------------------------------------------------------
Delay:               4.940ns (Levels of Logic = 1)
  Source:            cont:MemWrite (PAD)
  Destination:       MemWrite (PAD)

  Data Path: cont:MemWrite to MemWrite
                                Gate     Net
    Cell:in->out      fanout   Delay   Delay  Logical Name (Net Name)
    ----------------------------------------  ------------
    controller:MemWrite    1   0.000   0.420  cont (MemWrite_OBUF)
     OBUF:I->O                 4.520          MemWrite_OBUF (MemWrite)
    ----------------------------------------
    Total                      4.940ns (4.520ns logic, 0.420ns route)
                                       (91.5% logic, 8.5% route)

=========================================================================


Total REAL time to Xst completion: 9.00 secs
Total CPU time to Xst completion: 8.62 secs
 
--> 

Total memory usage is 4550200 kilobytes

Number of errors   :    0 (   0 filtered)
Number of warnings :  102 (   0 filtered)
Number of infos    :    3 (   0 filtered)

